TN:
SF:src\controllers\favourites.controllers.ts
FN:5,(anonymous_7)
FN:9,(anonymous_8)
FN:49,(anonymous_9)
FN:53,(anonymous_10)
FN:78,(anonymous_11)
FN:82,(anonymous_12)
FNF:6
FNH:6
FNDA:3,(anonymous_7)
FNDA:3,(anonymous_8)
FNDA:2,(anonymous_9)
FNDA:2,(anonymous_10)
FNDA:4,(anonymous_11)
FNDA:4,(anonymous_12)
DA:2,1
DA:5,1
DA:9,3
DA:10,3
DA:11,3
DA:13,3
DA:14,1
DA:15,1
DA:16,1
DA:19,2
DA:21,2
DA:26,2
DA:27,1
DA:28,1
DA:29,1
DA:32,1
DA:37,1
DA:45,2
DA:49,1
DA:53,2
DA:54,2
DA:55,2
DA:57,2
DA:58,1
DA:59,1
DA:60,1
DA:63,1
DA:65,1
DA:73,1
DA:74,1
DA:78,1
DA:82,4
DA:83,4
DA:84,4
DA:86,4
DA:87,1
DA:88,1
DA:89,1
DA:92,3
DA:94,3
DA:95,1
DA:96,1
DA:97,1
DA:100,2
DA:102,2
DA:103,1
DA:104,1
DA:105,1
DA:108,1
DA:114,3
LF:50
LH:50
BRDA:13,0,0,1
BRDA:26,1,0,1
BRDA:57,2,0,1
BRDA:86,3,0,1
BRDA:94,4,0,1
BRDA:102,5,0,1
BRF:6
BRH:6
end_of_record
TN:
SF:src\models\favourite.model.ts
FN:48,(anonymous_2)
FNF:1
FNH:1
FNDA:1,(anonymous_2)
DA:1,1
DA:15,1
DA:17,1
DA:20,1
DA:23,1
DA:26,1
DA:29,1
DA:32,1
DA:35,1
DA:37,1
DA:40,1
DA:43,1
DA:46,1
DA:48,1
DA:49,1
DA:52,1
DA:55,1
DA:58,1
DA:62,1
LF:19
LH:19
BRF:0
BRH:0
end_of_record
